<?xml version="1.0" encoding="UTF-8" ?>
<testsuite tests="56" failures="0" name="com.tutorialsninja.automation.runner.TestRunner" time="10.699" errors="0" skipped="0">
  <properties>
    <property name="java.runtime.name" value="OpenJDK Runtime Environment"/>
    <property name="java.vm.version" value="15.0.1+9-18"/>
    <property name="sun.boot.library.path" value="C:\eclipse\plugins\org.eclipse.justj.openjdk.hotspot.jre.full.win32.x86_64_15.0.1.v20201027-0507\jre\bin"/>
    <property name="maven.multiModuleProjectDirectory" value="C:\eclipse -workspace\DemoQALiveProject"/>
    <property name="java.vm.vendor" value="Oracle Corporation"/>
    <property name="java.vendor.url" value="https://java.oracle.com/"/>
    <property name="guice.disable.misplaced.annotation.check" value="true"/>
    <property name="path.separator" value=";"/>
    <property name="java.vm.name" value="OpenJDK 64-Bit Server VM"/>
    <property name="sun.os.patch.level" value=""/>
    <property name="user.script" value=""/>
    <property name="user.country" value="IN"/>
    <property name="sun.java.launcher" value="SUN_STANDARD"/>
    <property name="java.vm.specification.name" value="Java Virtual Machine Specification"/>
    <property name="user.dir" value="C:\eclipse -workspace\DemoQALiveProject"/>
    <property name="java.vm.compressedOopsMode" value="32-bit"/>
    <property name="java.runtime.version" value="15.0.1+9-18"/>
    <property name="os.arch" value="amd64"/>
    <property name="java.io.tmpdir" value="C:\Users\AKSHAY~1\AppData\Local\Temp\"/>
    <property name="line.separator" value="
"/>
    <property name="java.vm.specification.vendor" value="Oracle Corporation"/>
    <property name="user.variant" value=""/>
    <property name="os.name" value="Windows 10"/>
    <property name="classworlds.conf" value="C:\eclipse -workspace\.metadata\.plugins\org.eclipse.m2e.launching\launches\m2conf6262983608256983207.tmp"/>
    <property name="sun.jnu.encoding" value="Cp1252"/>
    <property name="java.library.path" value="C:\eclipse\plugins\org.eclipse.justj.openjdk.hotspot.jre.full.win32.x86_64_15.0.1.v20201027-0507\jre\bin;C:\Windows\Sun\Java\bin;C:\Windows\system32;C:\Windows;C:/eclipse//plugins/org.eclipse.justj.openjdk.hotspot.jre.full.win32.x86_64_15.0.1.v20201027-0507/jre/bin/server;C:/eclipse//plugins/org.eclipse.justj.openjdk.hotspot.jre.full.win32.x86_64_15.0.1.v20201027-0507/jre/bin;C:\Program Files (x86)\IBM\EHLLAPI\;C:\Program Files\Common Files\Oracle\Java\javapath;C:\Program Files (x86)\AMD APP\bin\x86_64;C:\Program Files (x86)\AMD APP\bin\x86;C:\Windows\system32;C:\Windows;C:\Windows\System32\Wbem;C:\Windows\System32\WindowsPowerShell\v1.0\;C:\Windows\System32\OpenSSH\;C:\Program Files (x86)\AMD\ATI.ACE\Core-Static;C:\Program Files (x86)\ATI Technologies\ATI.ACE\Core-Static;C:\Program Files\Java\jdk-15.0.1\bin;C:\maven\apache-maven-3.6.3\bin;C:\Program Files\nodejs\;C:\Program Files\Git\cmd;C:\Program Files\Docker\Docker\resources\bin;C:\ProgramData\DockerDesktop\version-bin;C:\Program Files\MySQL\MySQL Shell 8.0\bin\;C:\Python39\Scripts\;C:\Python39\;C:\Users\Akshay Nikhare\AppData\Local\Microsoft\WindowsApps;C:\Users\Akshay Nikhare\AppData\Local\Programs\Microsoft VS Code\bin;C:\Users\Akshay Nikhare\AppData\Roaming\npm;C:\Program Files\Java\jdk-15.0.1\bin;;C:\eclipse;;."/>
    <property name="jdk.debug" value="release"/>
    <property name="java.class.version" value="59.0"/>
    <property name="java.specification.name" value="Java Platform API Specification"/>
    <property name="sun.management.compiler" value="HotSpot 64-Bit Tiered Compilers"/>
    <property name="os.version" value="10.0"/>
    <property name="user.home" value="C:\Users\Akshay Nikhare"/>
    <property name="user.timezone" value="Asia/Calcutta"/>
    <property name="file.encoding" value="Cp1252"/>
    <property name="java.specification.version" value="15"/>
    <property name="user.name" value="Akshay Nikhare"/>
    <property name="java.class.path" value="C:\eclipse\plugins\org.eclipse.m2e.maven.runtime_1.16.0.20210129-0849\jars\plexus-classworlds-2.6.0.jar"/>
    <property name="java.vm.specification.version" value="15"/>
    <property name="sun.arch.data.model" value="64"/>
    <property name="sun.java.command" value="org.codehaus.plexus.classworlds.launcher.Launcher -B test"/>
    <property name="java.home" value="C:\eclipse\plugins\org.eclipse.justj.openjdk.hotspot.jre.full.win32.x86_64_15.0.1.v20201027-0507\jre"/>
    <property name="user.language" value="en"/>
    <property name="java.specification.vendor" value="Oracle Corporation"/>
    <property name="java.vm.info" value="mixed mode"/>
    <property name="java.version" value="15.0.1"/>
    <property name="java.vendor" value="Oracle Corporation"/>
    <property name="maven.home" value="C:\eclipse -workspace\DemoQALiveProject\EMBEDDED"/>
    <property name="file.separator" value="\"/>
    <property name="java.version.date" value="2020-10-20"/>
    <property name="java.vendor.url.bug" value="https://bugreport.java.com/bugreport/"/>
    <property name="sun.io.unicode.encoding" value="UnicodeLittle"/>
    <property name="sun.cpu.endian" value="little"/>
    <property name="sun.cpu.isalist" value="amd64"/>
  </properties>
  <testcase classname="Scenario: Verify whether the User is able to login with valid credentials" name="Given I launch the application" time="0.005"/>
  <testcase classname="Scenario: Verify whether the User is able to login with valid credentials" name="And I naviage to Account Login page" time="0"/>
  <testcase classname="Scenario: Verify whether the User is able to login with valid credentials" name="When I login to the application using Username &quot;ravi.kiran1@gmail.com&quot; and Password &quot;rkiran&quot;" time="0.002"/>
  <testcase classname="Scenario: Verify whether the User is able to login with valid credentials" name="Then I should see that the User is able to successfully login" time="0"/>
  <testcase classname="Scenario: Verify whether the User is able to login with valid credentials" name="Scenario: Verify whether the User is able to login with valid credentials" time="1.302"/>
  <testcase classname="Scenario: Verify that the User is not able to login with invalid credentials" name="Given I launch the application" time="0.001"/>
  <testcase classname="Scenario: Verify that the User is not able to login with invalid credentials" name="And I naviage to Account Login page" time="0"/>
  <testcase classname="Scenario: Verify that the User is not able to login with invalid credentials" name="When I login to the application using Username &quot;ravi.kiran99@gmail.com&quot; and Password &quot;rkiran99&quot;" time="0"/>
  <testcase classname="Scenario: Verify that the User is not able to login with invalid credentials" name="Then I should see an error message informing the User about invalid credentials" time="0"/>
  <testcase classname="Scenario: Verify that the User is not able to login with invalid credentials" name="Scenario: Verify that the User is not able to login with invalid credentials" time="0.932"/>
  <testcase classname="Scenario: Verify that the User is not able to login without providing credentials" name="Given I launch the application" time="0"/>
  <testcase classname="Scenario: Verify that the User is not able to login without providing credentials" name="And I naviage to Account Login page" time="0"/>
  <testcase classname="Scenario: Verify that the User is not able to login without providing credentials" name="When I login to the application using Username &quot;&quot; and Password &quot;&quot;" time="0"/>
  <testcase classname="Scenario: Verify that the User is not able to login without providing credentials" name="Then I should see an error message informing the User about invalid credentials" time="0"/>
  <testcase classname="Scenario: Verify that the User is not able to login without providing credentials" name="Scenario: Verify that the User is not able to login without providing credentials" time="0.971"/>
  <testcase classname="Scenario: Verify that the User is able to reset forgotten password" name="Given I launch the application" time="0"/>
  <testcase classname="Scenario: Verify that the User is able to reset forgotten password" name="And I naviage to Account Login page" time="0"/>
  <testcase classname="Scenario: Verify that the User is able to reset forgotten password" name="When I reset the forgotten password for &quot;ravi.kiran@gmail.com&quot;" time="0"/>
  <testcase classname="Scenario: Verify that the User is able to reset forgotten password" name="Then I should see a message informing that the password reset details have been sent to the email address" time="0"/>
  <testcase classname="Scenario: Verify that the User is able to reset forgotten password" name="Scenario: Verify that the User is able to reset forgotten password" time="1.062"/>
  <testcase classname="Scenario: Verify whether the user is able to register into the application by providing all the fields" name="Given I launch the application" time="0"/>
  <testcase classname="Scenario: Verify whether the user is able to register into the application by providing all the fields" name="And I navigate to Account Registration page" time="0"/>
  <testcase classname="Scenario: Verify whether the user is able to register into the application by providing all the fields" name="When I provide all the below valid details" time="0"/>
  <testcase classname="Scenario: Verify whether the user is able to register into the application by providing all the fields" name="And I select the Privacy Policy" time="0"/>
  <testcase classname="Scenario: Verify whether the user is able to register into the application by providing all the fields" name="And I click on Continue button" time="0"/>
  <testcase classname="Scenario: Verify whether the user is able to register into the application by providing all the fields" name="Then I should see that the User Account has successfully created" time="0.001"/>
  <testcase classname="Scenario: Verify whether the user is able to register into the application by providing all the fields" name="Scenario: Verify whether the user is able to register into the application by providing all the fields" time="1.252"/>
  <testcase classname="Scenario: Verify whether the user is not allowed to register on skipping mandatory fields" name="Given I launch the application" time="0"/>
  <testcase classname="Scenario: Verify whether the user is not allowed to register on skipping mandatory fields" name="And I navigate to Account Registration page" time="0"/>
  <testcase classname="Scenario: Verify whether the user is not allowed to register on skipping mandatory fields" name="When I click on Continue button" time="0"/>
  <testcase classname="Scenario: Verify whether the user is not allowed to register on skipping mandatory fields" name="Then I should see that the User Account is not created" time="0.001"/>
  <testcase classname="Scenario: Verify whether the user is not allowed to register on skipping mandatory fields" name="And I should see the error messages informing the user to fill the mandatory fields" time="0"/>
  <testcase classname="Scenario: Verify whether the user is not allowed to register on skipping mandatory fields" name="Scenario: Verify whether the user is not allowed to register on skipping mandatory fields" time="1.081"/>
  <testcase classname="Scenario: Verify whether the user is able to register into the application by opting for Newsletter subscription" name="Given I launch the application" time="0"/>
  <testcase classname="Scenario: Verify whether the user is able to register into the application by opting for Newsletter subscription" name="And I navigate to Account Registration page" time="0"/>
  <testcase classname="Scenario: Verify whether the user is able to register into the application by opting for Newsletter subscription" name="When I provide all the below valid details" time="0"/>
  <testcase classname="Scenario: Verify whether the user is able to register into the application by opting for Newsletter subscription" name="And I subscribe to Newsletter" time="0"/>
  <testcase classname="Scenario: Verify whether the user is able to register into the application by opting for Newsletter subscription" name="And I select the Privacy Policy" time="0"/>
  <testcase classname="Scenario: Verify whether the user is able to register into the application by opting for Newsletter subscription" name="And I click on Continue button" time="0"/>
  <testcase classname="Scenario: Verify whether the user is able to register into the application by opting for Newsletter subscription" name="Then I should see that the User Account has successfully created" time="0"/>
  <testcase classname="Scenario: Verify whether the user is able to register into the application by opting for Newsletter subscription" name="Scenario: Verify whether the user is able to register into the application by opting for Newsletter subscription" time="0.956"/>
  <testcase classname="Scenario: Verify whether the user is restricted from creating a duplicate account" name="Given I launch the application" time="0"/>
  <testcase classname="Scenario: Verify whether the user is restricted from creating a duplicate account" name="And I navigate to Account Registration page" time="0"/>
  <testcase classname="Scenario: Verify whether the user is restricted from creating a duplicate account" name="When I provide the below duplicate details into the fields" time="0"/>
  <testcase classname="Scenario: Verify whether the user is restricted from creating a duplicate account" name="And I select the Privacy Policy" time="0"/>
  <testcase classname="Scenario: Verify whether the user is restricted from creating a duplicate account" name="And I click on Continue button" time="0"/>
  <testcase classname="Scenario: Verify whether the user is restricted from creating a duplicate account" name="Then I should see the warning message stating that the user is already created" time="0"/>
  <testcase classname="Scenario: Verify whether the user is restricted from creating a duplicate account" name="Scenario: Verify whether the user is restricted from creating a duplicate account" time="0.996"/>
  <testcase classname="Scenario: Verify whether the User is able to search for products" name="Given I launch the application" time="0"/>
  <testcase classname="Scenario: Verify whether the User is able to search for products" name="When I search for a product &quot;Samsung SyncMaster 941BW&quot;" time="0"/>
  <testcase classname="Scenario: Verify whether the User is able to search for products" name="Then I should see the product in the search resultsil address" time="0"/>
  <testcase classname="Scenario: Verify whether the User is able to search for products" name="Scenario: Verify whether the User is able to search for products" time="1.061"/>
  <testcase classname="Scenario: Verify whether the User is informed when the product being searched is not available" name="Given I launch the application" time="0"/>
  <testcase classname="Scenario: Verify whether the User is informed when the product being searched is not available" name="When I search for a product &quot;Apple iPhone&quot;" time="0"/>
  <testcase classname="Scenario: Verify whether the User is informed when the product being searched is not available" name="Then I should see the page displaying the message &quot;There is no product that matches the search criteria.&quot;" time="0"/>
  <testcase classname="Scenario: Verify whether the User is informed when the product being searched is not available" name="Scenario: Verify whether the User is informed when the product being searched is not available" time="1.076"/>
</testsuite>